<?xml version="1.0" encoding="UTF-8"?>
<testng-results ignored="0" total="1" passed="1" failed="0" skipped="0">
  <reporter-output>
  </reporter-output>
  <suite started-at="2021-12-22T12:03:41 IST" name="Default suite" finished-at="2021-12-22T12:04:37 IST" duration-ms="55754">
    <groups>
      <group name="cucumber">
        <method signature="AbstractTestNGCucumberTests.runScenario(io.cucumber.testng.PickleWrapper,io.cucumber.testng.FeatureWrapper)[pri:0, instance:runner.Runner@2dc54ad4]" name="runScenario" class="io.cucumber.testng.AbstractTestNGCucumberTests"/>
      </group> <!-- cucumber -->
    </groups>
    <test started-at="2021-12-22T12:03:41 IST" name="Default test" finished-at="2021-12-22T12:04:37 IST" duration-ms="55754">
      <class name="runner.Runner">
        <test-method is-config="true" signature="setUpClass()[pri:0, instance:runner.Runner@2dc54ad4]" started-at="2021-12-22T12:03:41 IST" name="setUpClass" finished-at="2021-12-22T12:03:42 IST" duration-ms="1135" status="PASS">
          <reporter-output>
          </reporter-output>
        </test-method> <!-- setUpClass -->
        <test-method signature="runScenario(io.cucumber.testng.PickleWrapper,io.cucumber.testng.FeatureWrapper)[pri:0, instance:runner.Runner@2dc54ad4]" started-at="2021-12-22T12:03:42 IST" name="runScenario" description="Runs Cucumber Scenarios" data-provider="scenarios" finished-at="2021-12-22T12:04:36 IST" duration-ms="53985" status="PASS">
          <params>
            <param index="0">
              <value>
                <![CDATA["i will login to vtiger using valid credentials and i create contact by entering frirstName, LastName, phoneNumber and emailId"]]>
              </value>
            </param>
            <param index="1">
              <value>
                <![CDATA["Optional[i create a contact in vTiger application]"]]>
              </value>
            </param>
          </params>
          <reporter-output>
          </reporter-output>
        </test-method> <!-- runScenario -->
        <test-method is-config="true" signature="tearDownClass()[pri:0, instance:runner.Runner@2dc54ad4]" started-at="2021-12-22T12:04:36 IST" name="tearDownClass" finished-at="2021-12-22T12:04:37 IST" duration-ms="544" status="PASS">
          <reporter-output>
          </reporter-output>
        </test-method> <!-- tearDownClass -->
      </class> <!-- runner.Runner -->
    </test> <!-- Default test -->
  </suite> <!-- Default suite -->
</testng-results>
